{"/home/mtuan934/Downloads/remote-chess-game/server.js":{"path":"/home/mtuan934/Downloads/remote-chess-game/server.js","s":{"1":1,"2":1,"3":1,"4":1,"5":1,"6":1,"7":1,"8":1,"9":1,"10":1,"11":1,"12":0,"13":1,"14":17,"15":17,"16":0,"17":0,"18":0,"19":17,"20":14,"21":14,"22":14,"23":3,"24":3,"25":11,"26":11,"27":0,"28":14,"29":14,"30":14,"31":17,"32":0,"33":0,"34":0,"35":0,"36":17,"37":0,"38":0,"39":0,"40":0,"41":0,"42":0,"43":0,"44":0,"45":0,"46":0,"47":0,"48":0,"49":17,"50":0,"51":0,"52":0,"53":17,"54":0,"55":0,"56":0,"57":0,"58":0,"59":0,"60":0,"61":0,"62":0,"63":0,"64":0,"65":0,"66":17,"67":0,"68":0,"69":17,"70":0,"71":0,"72":0,"73":17,"74":0,"75":0,"76":0,"77":0,"78":0,"79":0,"80":17,"81":4,"82":0,"83":0,"84":4,"85":4,"86":17,"87":0,"88":0,"89":17,"90":0,"91":0,"92":0,"93":0,"94":0,"95":17,"96":0,"97":0,"98":1,"99":1},"b":{"1":[0,0],"2":[3,11],"3":[0,0],"4":[0,0],"5":[0,4],"6":[4,4,2]},"f":{"1":0,"2":17,"3":0,"4":14,"5":0,"6":0,"7":0,"8":0,"9":0,"10":0,"11":0,"12":0,"13":4,"14":0,"15":0,"16":0,"17":1},"fnMap":{"1":{"name":"(anonymous_1)","line":11,"loc":{"start":{"line":11,"column":13},"end":{"line":11,"column":32}}},"2":{"name":"(anonymous_2)","line":14,"loc":{"start":{"line":14,"column":20},"end":{"line":14,"column":37}}},"3":{"name":"(anonymous_3)","line":17,"loc":{"start":{"line":17,"column":35},"end":{"line":17,"column":54}}},"4":{"name":"(anonymous_4)","line":25,"loc":{"start":{"line":25,"column":23},"end":{"line":25,"column":40}}},"5":{"name":"(anonymous_5)","line":37,"loc":{"start":{"line":37,"column":53},"end":{"line":37,"column":70}}},"6":{"name":"(anonymous_6)","line":49,"loc":{"start":{"line":49,"column":24},"end":{"line":49,"column":45}}},"7":{"name":"(anonymous_7)","line":58,"loc":{"start":{"line":58,"column":31},"end":{"line":58,"column":46}}},"8":{"name":"(anonymous_8)","line":93,"loc":{"start":{"line":93,"column":32},"end":{"line":93,"column":47}}},"9":{"name":"(anonymous_9)","line":98,"loc":{"start":{"line":98,"column":28},"end":{"line":98,"column":45}}},"10":{"name":"(anonymous_10)","line":122,"loc":{"start":{"line":122,"column":22},"end":{"line":122,"column":36}}},"11":{"name":"(anonymous_11)","line":126,"loc":{"start":{"line":126,"column":26},"end":{"line":126,"column":40}}},"12":{"name":"(anonymous_12)","line":131,"loc":{"start":{"line":131,"column":24},"end":{"line":131,"column":43}}},"13":{"name":"(anonymous_13)","line":143,"loc":{"start":{"line":143,"column":28},"end":{"line":143,"column":42}}},"14":{"name":"(anonymous_14)","line":154,"loc":{"start":{"line":154,"column":32},"end":{"line":154,"column":43}}},"15":{"name":"(anonymous_15)","line":160,"loc":{"start":{"line":160,"column":31},"end":{"line":160,"column":47}}},"16":{"name":"(anonymous_16)","line":167,"loc":{"start":{"line":167,"column":28},"end":{"line":167,"column":45}}},"17":{"name":"(anonymous_17)","line":175,"loc":{"start":{"line":175,"column":18},"end":{"line":175,"column":29}}}},"statementMap":{"1":{"start":{"line":1,"column":0},"end":{"line":1,"column":33}},"2":{"start":{"line":2,"column":0},"end":{"line":2,"column":20}},"3":{"start":{"line":3,"column":0},"end":{"line":3,"column":34}},"4":{"start":{"line":4,"column":0},"end":{"line":4,"column":39}},"5":{"start":{"line":5,"column":0},"end":{"line":5,"column":36}},"6":{"start":{"line":6,"column":0},"end":{"line":6,"column":16}},"7":{"start":{"line":7,"column":0},"end":{"line":7,"column":20}},"8":{"start":{"line":8,"column":0},"end":{"line":8,"column":15}},"9":{"start":{"line":9,"column":0},"end":{"line":9,"column":21}},"10":{"start":{"line":10,"column":0},"end":{"line":10,"column":21}},"11":{"start":{"line":11,"column":0},"end":{"line":13,"column":3}},"12":{"start":{"line":12,"column":4},"end":{"line":12,"column":51}},"13":{"start":{"line":14,"column":0},"end":{"line":174,"column":3}},"14":{"start":{"line":15,"column":4},"end":{"line":15,"column":44}},"15":{"start":{"line":17,"column":4},"end":{"line":23,"column":7}},"16":{"start":{"line":18,"column":6},"end":{"line":22,"column":7}},"17":{"start":{"line":19,"column":8},"end":{"line":19,"column":45}},"18":{"start":{"line":21,"column":8},"end":{"line":21,"column":44}},"19":{"start":{"line":25,"column":4},"end":{"line":48,"column":7}},"20":{"start":{"line":26,"column":8},"end":{"line":26,"column":47}},"21":{"start":{"line":27,"column":8},"end":{"line":27,"column":31}},"22":{"start":{"line":29,"column":8},"end":{"line":40,"column":9}},"23":{"start":{"line":30,"column":12},"end":{"line":30,"column":45}},"24":{"start":{"line":31,"column":12},"end":{"line":34,"column":14}},"25":{"start":{"line":36,"column":12},"end":{"line":36,"column":39}},"26":{"start":{"line":37,"column":12},"end":{"line":39,"column":15}},"27":{"start":{"line":38,"column":16},"end":{"line":38,"column":50}},"28":{"start":{"line":41,"column":8},"end":{"line":44,"column":11}},"29":{"start":{"line":45,"column":8},"end":{"line":45,"column":36}},"30":{"start":{"line":47,"column":8},"end":{"line":47,"column":58}},"31":{"start":{"line":49,"column":4},"end":{"line":57,"column":7}},"32":{"start":{"line":50,"column":8},"end":{"line":50,"column":83}},"33":{"start":{"line":51,"column":8},"end":{"line":51,"column":45}},"34":{"start":{"line":52,"column":8},"end":{"line":52,"column":42}},"35":{"start":{"line":53,"column":8},"end":{"line":56,"column":11}},"36":{"start":{"line":58,"column":4},"end":{"line":92,"column":7}},"37":{"start":{"line":59,"column":8},"end":{"line":66,"column":10}},"38":{"start":{"line":67,"column":8},"end":{"line":67,"column":32}},"39":{"start":{"line":68,"column":8},"end":{"line":68,"column":36}},"40":{"start":{"line":69,"column":8},"end":{"line":69,"column":57}},"41":{"start":{"line":70,"column":8},"end":{"line":70,"column":57}},"42":{"start":{"line":71,"column":8},"end":{"line":71,"column":49}},"43":{"start":{"line":72,"column":8},"end":{"line":76,"column":11}},"44":{"start":{"line":77,"column":8},"end":{"line":81,"column":11}},"45":{"start":{"line":82,"column":8},"end":{"line":82,"column":44}},"46":{"start":{"line":83,"column":8},"end":{"line":83,"column":44}},"47":{"start":{"line":84,"column":8},"end":{"line":87,"column":11}},"48":{"start":{"line":88,"column":8},"end":{"line":91,"column":11}},"49":{"start":{"line":93,"column":4},"end":{"line":97,"column":7}},"50":{"start":{"line":94,"column":8},"end":{"line":94,"column":76}},"51":{"start":{"line":95,"column":8},"end":{"line":95,"column":39}},"52":{"start":{"line":96,"column":8},"end":{"line":96,"column":39}},"53":{"start":{"line":98,"column":4},"end":{"line":121,"column":7}},"54":{"start":{"line":99,"column":8},"end":{"line":99,"column":55}},"55":{"start":{"line":100,"column":8},"end":{"line":100,"column":31}},"56":{"start":{"line":101,"column":8},"end":{"line":101,"column":39}},"57":{"start":{"line":102,"column":8},"end":{"line":102,"column":57}},"58":{"start":{"line":103,"column":8},"end":{"line":103,"column":57}},"59":{"start":{"line":104,"column":8},"end":{"line":104,"column":49}},"60":{"start":{"line":105,"column":8},"end":{"line":112,"column":9}},"61":{"start":{"line":106,"column":12},"end":{"line":110,"column":15}},"62":{"start":{"line":111,"column":12},"end":{"line":111,"column":48}},"63":{"start":{"line":113,"column":8},"end":{"line":120,"column":9}},"64":{"start":{"line":114,"column":12},"end":{"line":118,"column":15}},"65":{"start":{"line":119,"column":12},"end":{"line":119,"column":48}},"66":{"start":{"line":122,"column":4},"end":{"line":125,"column":7}},"67":{"start":{"line":123,"column":8},"end":{"line":123,"column":29}},"68":{"start":{"line":124,"column":8},"end":{"line":124,"column":50}},"69":{"start":{"line":126,"column":4},"end":{"line":130,"column":7}},"70":{"start":{"line":127,"column":8},"end":{"line":127,"column":32}},"71":{"start":{"line":128,"column":8},"end":{"line":128,"column":43}},"72":{"start":{"line":129,"column":8},"end":{"line":129,"column":33}},"73":{"start":{"line":131,"column":4},"end":{"line":142,"column":7}},"74":{"start":{"line":132,"column":8},"end":{"line":132,"column":49}},"75":{"start":{"line":133,"column":8},"end":{"line":133,"column":38}},"76":{"start":{"line":134,"column":8},"end":{"line":134,"column":41}},"77":{"start":{"line":135,"column":8},"end":{"line":135,"column":43}},"78":{"start":{"line":136,"column":8},"end":{"line":136,"column":46}},"79":{"start":{"line":137,"column":8},"end":{"line":141,"column":11}},"80":{"start":{"line":143,"column":4},"end":{"line":153,"column":7}},"81":{"start":{"line":144,"column":8},"end":{"line":147,"column":9}},"82":{"start":{"line":145,"column":12},"end":{"line":145,"column":57}},"83":{"start":{"line":146,"column":12},"end":{"line":146,"column":57}},"84":{"start":{"line":148,"column":8},"end":{"line":148,"column":41}},"85":{"start":{"line":149,"column":8},"end":{"line":152,"column":11}},"86":{"start":{"line":154,"column":4},"end":{"line":159,"column":7}},"87":{"start":{"line":155,"column":8},"end":{"line":155,"column":40}},"88":{"start":{"line":156,"column":8},"end":{"line":158,"column":11}},"89":{"start":{"line":160,"column":4},"end":{"line":166,"column":7}},"90":{"start":{"line":161,"column":8},"end":{"line":161,"column":40}},"91":{"start":{"line":162,"column":8},"end":{"line":162,"column":40}},"92":{"start":{"line":163,"column":8},"end":{"line":163,"column":35}},"93":{"start":{"line":164,"column":8},"end":{"line":164,"column":35}},"94":{"start":{"line":165,"column":8},"end":{"line":165,"column":41}},"95":{"start":{"line":167,"column":4},"end":{"line":173,"column":7}},"96":{"start":{"line":168,"column":8},"end":{"line":168,"column":25}},"97":{"start":{"line":169,"column":8},"end":{"line":172,"column":11}},"98":{"start":{"line":175,"column":0},"end":{"line":177,"column":3}},"99":{"start":{"line":176,"column":4},"end":{"line":176,"column":43}}},"branchMap":{"1":{"line":18,"type":"if","locations":[{"start":{"line":18,"column":6},"end":{"line":18,"column":6}},{"start":{"line":18,"column":6},"end":{"line":18,"column":6}}]},"2":{"line":29,"type":"if","locations":[{"start":{"line":29,"column":8},"end":{"line":29,"column":8}},{"start":{"line":29,"column":8},"end":{"line":29,"column":8}}]},"3":{"line":105,"type":"if","locations":[{"start":{"line":105,"column":8},"end":{"line":105,"column":8}},{"start":{"line":105,"column":8},"end":{"line":105,"column":8}}]},"4":{"line":113,"type":"if","locations":[{"start":{"line":113,"column":8},"end":{"line":113,"column":8}},{"start":{"line":113,"column":8},"end":{"line":113,"column":8}}]},"5":{"line":144,"type":"if","locations":[{"start":{"line":144,"column":8},"end":{"line":144,"column":8}},{"start":{"line":144,"column":8},"end":{"line":144,"column":8}}]},"6":{"line":144,"type":"binary-expr","locations":[{"start":{"line":144,"column":12},"end":{"line":144,"column":18}},{"start":{"line":144,"column":22},"end":{"line":144,"column":35}},{"start":{"line":144,"column":39},"end":{"line":144,"column":52}}]}}}}