{"/home/mtuan934/Downloads/remote-chess-game/app.js":{"path":"/home/mtuan934/Downloads/remote-chess-game/app.js","s":{"1":1,"2":1,"3":1,"4":1,"5":1,"6":1,"7":1,"8":1,"9":1,"10":1,"11":0,"12":1,"13":0,"14":0,"15":0,"16":0,"17":0,"18":0,"19":0,"20":0,"21":0,"22":0,"23":0,"24":0,"25":0,"26":0,"27":0,"28":0,"29":0,"30":0,"31":0,"32":0,"33":0,"34":0,"35":0,"36":0,"37":0,"38":0,"39":0,"40":0,"41":0,"42":0,"43":0,"44":0,"45":0,"46":0,"47":0,"48":0,"49":0,"50":0,"51":0,"52":0,"53":0,"54":0,"55":0,"56":0,"57":0,"58":0,"59":0,"60":0,"61":0,"62":0,"63":0,"64":0,"65":0,"66":0,"67":0,"68":1,"69":0},"b":{"1":[0,0],"2":[0,0],"3":[0,0],"4":[0,0],"5":[0,0,0]},"f":{"1":0,"2":0,"3":0,"4":0,"5":0,"6":0,"7":0,"8":0,"9":0,"10":0},"fnMap":{"1":{"name":"(anonymous_1)","line":10,"loc":{"start":{"line":10,"column":13},"end":{"line":10,"column":32}}},"2":{"name":"(anonymous_2)","line":13,"loc":{"start":{"line":13,"column":20},"end":{"line":13,"column":37}}},"3":{"name":"(anonymous_3)","line":15,"loc":{"start":{"line":15,"column":23},"end":{"line":15,"column":40}}},"4":{"name":"(anonymous_4)","line":27,"loc":{"start":{"line":27,"column":53},"end":{"line":27,"column":70}}},"5":{"name":"(anonymous_5)","line":39,"loc":{"start":{"line":39,"column":24},"end":{"line":39,"column":45}}},"6":{"name":"(anonymous_6)","line":73,"loc":{"start":{"line":73,"column":28},"end":{"line":73,"column":45}}},"7":{"name":"(anonymous_7)","line":95,"loc":{"start":{"line":95,"column":22},"end":{"line":95,"column":36}}},"8":{"name":"(anonymous_8)","line":100,"loc":{"start":{"line":100,"column":28},"end":{"line":100,"column":42}}},"9":{"name":"(anonymous_9)","line":112,"loc":{"start":{"line":112,"column":32},"end":{"line":112,"column":43}}},"10":{"name":"(anonymous_10)","line":119,"loc":{"start":{"line":119,"column":18},"end":{"line":119,"column":29}}}},"statementMap":{"1":{"start":{"line":1,"column":0},"end":{"line":1,"column":33}},"2":{"start":{"line":2,"column":0},"end":{"line":2,"column":20}},"3":{"start":{"line":3,"column":0},"end":{"line":3,"column":34}},"4":{"start":{"line":4,"column":0},"end":{"line":4,"column":39}},"5":{"start":{"line":5,"column":0},"end":{"line":5,"column":36}},"6":{"start":{"line":6,"column":0},"end":{"line":6,"column":16}},"7":{"start":{"line":7,"column":0},"end":{"line":7,"column":20}},"8":{"start":{"line":8,"column":0},"end":{"line":8,"column":15}},"9":{"start":{"line":9,"column":0},"end":{"line":9,"column":21}},"10":{"start":{"line":10,"column":0},"end":{"line":12,"column":3}},"11":{"start":{"line":11,"column":4},"end":{"line":11,"column":51}},"12":{"start":{"line":13,"column":0},"end":{"line":118,"column":3}},"13":{"start":{"line":14,"column":4},"end":{"line":14,"column":44}},"14":{"start":{"line":15,"column":4},"end":{"line":38,"column":7}},"15":{"start":{"line":16,"column":8},"end":{"line":16,"column":47}},"16":{"start":{"line":17,"column":8},"end":{"line":17,"column":31}},"17":{"start":{"line":19,"column":8},"end":{"line":30,"column":9}},"18":{"start":{"line":20,"column":12},"end":{"line":20,"column":45}},"19":{"start":{"line":21,"column":12},"end":{"line":24,"column":14}},"20":{"start":{"line":26,"column":12},"end":{"line":26,"column":39}},"21":{"start":{"line":27,"column":12},"end":{"line":29,"column":15}},"22":{"start":{"line":28,"column":16},"end":{"line":28,"column":50}},"23":{"start":{"line":31,"column":8},"end":{"line":34,"column":11}},"24":{"start":{"line":35,"column":8},"end":{"line":35,"column":36}},"25":{"start":{"line":37,"column":8},"end":{"line":37,"column":58}},"26":{"start":{"line":39,"column":4},"end":{"line":72,"column":7}},"27":{"start":{"line":40,"column":8},"end":{"line":40,"column":83}},"28":{"start":{"line":42,"column":8},"end":{"line":42,"column":59}},"29":{"start":{"line":43,"column":8},"end":{"line":43,"column":56}},"30":{"start":{"line":44,"column":8},"end":{"line":51,"column":10}},"31":{"start":{"line":52,"column":8},"end":{"line":52,"column":32}},"32":{"start":{"line":53,"column":8},"end":{"line":53,"column":36}},"33":{"start":{"line":54,"column":8},"end":{"line":54,"column":57}},"34":{"start":{"line":55,"column":8},"end":{"line":55,"column":57}},"35":{"start":{"line":56,"column":8},"end":{"line":56,"column":49}},"36":{"start":{"line":57,"column":8},"end":{"line":60,"column":11}},"37":{"start":{"line":61,"column":8},"end":{"line":64,"column":11}},"38":{"start":{"line":65,"column":8},"end":{"line":65,"column":44}},"39":{"start":{"line":66,"column":8},"end":{"line":66,"column":44}},"40":{"start":{"line":68,"column":8},"end":{"line":71,"column":11}},"41":{"start":{"line":73,"column":4},"end":{"line":94,"column":7}},"42":{"start":{"line":74,"column":8},"end":{"line":74,"column":55}},"43":{"start":{"line":75,"column":8},"end":{"line":75,"column":31}},"44":{"start":{"line":76,"column":8},"end":{"line":76,"column":39}},"45":{"start":{"line":77,"column":8},"end":{"line":77,"column":57}},"46":{"start":{"line":78,"column":8},"end":{"line":78,"column":57}},"47":{"start":{"line":79,"column":8},"end":{"line":79,"column":49}},"48":{"start":{"line":80,"column":8},"end":{"line":86,"column":9}},"49":{"start":{"line":81,"column":12},"end":{"line":84,"column":15}},"50":{"start":{"line":85,"column":12},"end":{"line":85,"column":48}},"51":{"start":{"line":87,"column":8},"end":{"line":93,"column":9}},"52":{"start":{"line":88,"column":12},"end":{"line":91,"column":15}},"53":{"start":{"line":92,"column":12},"end":{"line":92,"column":48}},"54":{"start":{"line":95,"column":4},"end":{"line":99,"column":7}},"55":{"start":{"line":96,"column":8},"end":{"line":96,"column":43}},"56":{"start":{"line":97,"column":8},"end":{"line":97,"column":50}},"57":{"start":{"line":98,"column":8},"end":{"line":98,"column":25}},"58":{"start":{"line":100,"column":4},"end":{"line":111,"column":7}},"59":{"start":{"line":101,"column":8},"end":{"line":101,"column":25}},"60":{"start":{"line":102,"column":8},"end":{"line":105,"column":9}},"61":{"start":{"line":103,"column":12},"end":{"line":103,"column":57}},"62":{"start":{"line":104,"column":12},"end":{"line":104,"column":57}},"63":{"start":{"line":106,"column":8},"end":{"line":106,"column":41}},"64":{"start":{"line":107,"column":8},"end":{"line":110,"column":11}},"65":{"start":{"line":112,"column":4},"end":{"line":117,"column":7}},"66":{"start":{"line":113,"column":8},"end":{"line":113,"column":40}},"67":{"start":{"line":114,"column":8},"end":{"line":116,"column":11}},"68":{"start":{"line":119,"column":0},"end":{"line":121,"column":3}},"69":{"start":{"line":120,"column":4},"end":{"line":120,"column":43}}},"branchMap":{"1":{"line":19,"type":"if","locations":[{"start":{"line":19,"column":8},"end":{"line":19,"column":8}},{"start":{"line":19,"column":8},"end":{"line":19,"column":8}}]},"2":{"line":80,"type":"if","locations":[{"start":{"line":80,"column":8},"end":{"line":80,"column":8}},{"start":{"line":80,"column":8},"end":{"line":80,"column":8}}]},"3":{"line":87,"type":"if","locations":[{"start":{"line":87,"column":8},"end":{"line":87,"column":8}},{"start":{"line":87,"column":8},"end":{"line":87,"column":8}}]},"4":{"line":102,"type":"if","locations":[{"start":{"line":102,"column":8},"end":{"line":102,"column":8}},{"start":{"line":102,"column":8},"end":{"line":102,"column":8}}]},"5":{"line":102,"type":"binary-expr","locations":[{"start":{"line":102,"column":12},"end":{"line":102,"column":18}},{"start":{"line":102,"column":22},"end":{"line":102,"column":35}},{"start":{"line":102,"column":39},"end":{"line":102,"column":52}}]}}}}