TN:
SF:/home/mtuan934/Downloads/remote-chess-game/server.js
FN:11,(anonymous_1)
FN:14,(anonymous_2)
FN:17,(anonymous_3)
FN:25,(anonymous_4)
FN:37,(anonymous_5)
FN:49,(anonymous_6)
FN:58,(anonymous_7)
FN:93,(anonymous_8)
FN:98,(anonymous_9)
FN:122,(anonymous_10)
FN:126,(anonymous_11)
FN:131,(anonymous_12)
FN:143,(anonymous_13)
FN:154,(anonymous_14)
FN:160,(anonymous_15)
FN:167,(anonymous_16)
FN:175,(anonymous_17)
FNF:17
FNH:4
FNDA:0,(anonymous_1)
FNDA:17,(anonymous_2)
FNDA:0,(anonymous_3)
FNDA:14,(anonymous_4)
FNDA:0,(anonymous_5)
FNDA:0,(anonymous_6)
FNDA:0,(anonymous_7)
FNDA:0,(anonymous_8)
FNDA:0,(anonymous_9)
FNDA:0,(anonymous_10)
FNDA:0,(anonymous_11)
FNDA:0,(anonymous_12)
FNDA:4,(anonymous_13)
FNDA:0,(anonymous_14)
FNDA:0,(anonymous_15)
FNDA:0,(anonymous_16)
FNDA:1,(anonymous_17)
DA:1,1
DA:2,1
DA:3,1
DA:4,1
DA:5,1
DA:6,1
DA:7,1
DA:8,1
DA:9,1
DA:10,1
DA:11,1
DA:12,0
DA:14,1
DA:15,17
DA:17,17
DA:18,0
DA:19,0
DA:21,0
DA:25,17
DA:26,14
DA:27,14
DA:29,14
DA:30,3
DA:31,3
DA:36,11
DA:37,11
DA:38,0
DA:41,14
DA:45,14
DA:47,14
DA:49,17
DA:50,0
DA:51,0
DA:52,0
DA:53,0
DA:58,17
DA:59,0
DA:67,0
DA:68,0
DA:69,0
DA:70,0
DA:71,0
DA:72,0
DA:77,0
DA:82,0
DA:83,0
DA:84,0
DA:88,0
DA:93,17
DA:94,0
DA:95,0
DA:96,0
DA:98,17
DA:99,0
DA:100,0
DA:101,0
DA:102,0
DA:103,0
DA:104,0
DA:105,0
DA:106,0
DA:111,0
DA:113,0
DA:114,0
DA:119,0
DA:122,17
DA:123,0
DA:124,0
DA:126,17
DA:127,0
DA:128,0
DA:129,0
DA:131,17
DA:132,0
DA:133,0
DA:134,0
DA:135,0
DA:136,0
DA:137,0
DA:143,17
DA:144,4
DA:145,0
DA:146,0
DA:148,4
DA:149,4
DA:154,17
DA:155,0
DA:156,0
DA:160,17
DA:161,0
DA:162,0
DA:163,0
DA:164,0
DA:165,0
DA:167,17
DA:168,0
DA:169,0
DA:175,1
DA:176,1
LF:99
LH:41
BRDA:18,1,0,0
BRDA:18,1,1,0
BRDA:29,2,0,3
BRDA:29,2,1,11
BRDA:105,3,0,0
BRDA:105,3,1,0
BRDA:113,4,0,0
BRDA:113,4,1,0
BRDA:144,5,0,0
BRDA:144,5,1,4
BRDA:144,6,0,4
BRDA:144,6,1,4
BRDA:144,6,2,2
BRF:13
BRH:6
end_of_record
